This is pdfTeX, Version 3.14159265-2.6-1.40.18 (TeX Live 2017) (preloaded format=pdflatex 2017.12.3)  27 DEC 2017 18:02
entering extended mode
 restricted \write18 enabled.
 file:line:error style messages enabled.
 %&-line parsing enabled.
**/Users/Nyo/uni_works/year2/software_projects/GSoft/proposal/latex/proposal.te
x

(/Users/Nyo/uni_works/year2/software_projects/GSoft/proposal/latex/proposal.tex
LaTeX2e <2017-04-15>
Babel <3.10> and hyphenation patterns for 84 language(s) loaded.
(/usr/local/texlive/2017/texmf-dist/tex/latex/base/article.cls
Document Class: article 2014/09/29 v1.4h Standard LaTeX document class
(/usr/local/texlive/2017/texmf-dist/tex/latex/base/size12.clo
File: size12.clo 2014/09/29 v1.4h Standard LaTeX file (size option)
)
\c@part=\count79
\c@section=\count80
\c@subsection=\count81
\c@subsubsection=\count82
\c@paragraph=\count83
\c@subparagraph=\count84
\c@figure=\count85
\c@table=\count86
\abovecaptionskip=\skip41
\belowcaptionskip=\skip42
\bibindent=\dimen102
)
(/usr/local/texlive/2017/texmf-dist/tex/latex/appendix/appendix.sty
Package: appendix 2009/09/02 v1.2b extra appendix facilities
\c@@pps=\count87
\c@@ppsavesec=\count88
\c@@ppsaveapp=\count89
)
(/usr/local/texlive/2017/texmf-dist/tex/latex/tools/longtable.sty
Package: longtable 2014/10/28 v4.11 Multi-page Table package (DPC)
\LTleft=\skip43
\LTright=\skip44
\LTpre=\skip45
\LTpost=\skip46
\LTchunksize=\count90
\LTcapwidth=\dimen103
\LT@head=\box26
\LT@firsthead=\box27
\LT@foot=\box28
\LT@lastfoot=\box29
\LT@cols=\count91
\LT@rows=\count92
\c@LT@tables=\count93
\c@LT@chunks=\count94
\LT@p@ftn=\toks14
)
(/usr/local/texlive/2017/texmf-dist/tex/latex/listings/listings.sty
(/usr/local/texlive/2017/texmf-dist/tex/latex/graphics/keyval.sty
Package: keyval 2014/10/28 v1.15 key=value parser (DPC)
\KV@toks@=\toks15
)
\lst@mode=\count95
\lst@gtempboxa=\box30
\lst@token=\toks16
\lst@length=\count96
\lst@currlwidth=\dimen104
\lst@column=\count97
\lst@pos=\count98
\lst@lostspace=\dimen105
\lst@width=\dimen106
\lst@newlines=\count99
\lst@lineno=\count100
\lst@maxwidth=\dimen107

(/usr/local/texlive/2017/texmf-dist/tex/latex/listings/lstmisc.sty
File: lstmisc.sty 2015/06/04 1.6 (Carsten Heinz)
\c@lstnumber=\count101
\lst@skipnumbers=\count102
\lst@framebox=\box31
)
(/usr/local/texlive/2017/texmf-dist/tex/latex/listings/listings.cfg
File: listings.cfg 2015/06/04 1.6 listings configuration
))
Package: listings 2015/06/04 1.6 (Carsten Heinz)

(/usr/local/texlive/2017/texmf-dist/tex/latex/tools/verbatim.sty
Package: verbatim 2014/10/28 v1.5q LaTeX2e package for verbatim enhancements
\every@verbatim=\toks17
\verbatim@line=\toks18
\verbatim@in@stream=\read1
)
(/usr/local/texlive/2017/texmf-dist/tex/latex/graphics/graphicx.sty
Package: graphicx 2014/10/28 v1.0g Enhanced LaTeX Graphics (DPC,SPQR)

(/usr/local/texlive/2017/texmf-dist/tex/latex/graphics/graphics.sty
Package: graphics 2017/04/14 v1.1b Standard LaTeX Graphics (DPC,SPQR)

(/usr/local/texlive/2017/texmf-dist/tex/latex/graphics/trig.sty
Package: trig 2016/01/03 v1.10 sin cos tan (DPC)
)
(/usr/local/texlive/2017/texmf-dist/tex/latex/graphics-cfg/graphics.cfg
File: graphics.cfg 2016/06/04 v1.11 sample graphics configuration
)
Package graphics Info: Driver file: pdftex.def on input line 99.

(/usr/local/texlive/2017/texmf-dist/tex/latex/graphics-def/pdftex.def
File: pdftex.def 2017/01/12 v0.06k Graphics/color for pdfTeX

(/usr/local/texlive/2017/texmf-dist/tex/generic/oberdiek/infwarerr.sty
Package: infwarerr 2016/05/16 v1.4 Providing info/warning/error messages (HO)
)
(/usr/local/texlive/2017/texmf-dist/tex/generic/oberdiek/ltxcmds.sty
Package: ltxcmds 2016/05/16 v1.23 LaTeX kernel commands for general use (HO)
)
\Gread@gobject=\count103
))
\Gin@req@height=\dimen108
\Gin@req@width=\dimen109
)
(/usr/local/texlive/2017/texmf-dist/tex/latex/tools/tabularx.sty
Package: tabularx 2016/02/03 v2.11 `tabularx' package (DPC)

(/usr/local/texlive/2017/texmf-dist/tex/latex/tools/array.sty
Package: array 2016/10/06 v2.4d Tabular extension package (FMi)
\col@sep=\dimen110
\extrarowheight=\dimen111
\NC@list=\toks19
\extratabsurround=\skip47
\backup@length=\skip48
)
\TX@col@width=\dimen112
\TX@old@table=\dimen113
\TX@old@col=\dimen114
\TX@target=\dimen115
\TX@delta=\dimen116
\TX@cols=\count104
\TX@ftn=\toks20
)
(/usr/local/texlive/2017/texmf-dist/tex/latex/subfig/subfig.sty
Package: subfig 2005/06/28 ver: 1.3 subfig package

(/usr/local/texlive/2017/texmf-dist/tex/latex/caption/caption.sty
Package: caption 2016/02/21 v3.3-144 Customizing captions (AR)

(/usr/local/texlive/2017/texmf-dist/tex/latex/caption/caption3.sty
Package: caption3 2016/05/22 v1.7-166 caption3 kernel (AR)
Package caption3 Info: TeX engine: e-TeX on input line 67.
\captionmargin=\dimen117
\captionmargin@=\dimen118
\captionwidth=\dimen119
\caption@tempdima=\dimen120
\caption@indent=\dimen121
\caption@parindent=\dimen122
\caption@hangindent=\dimen123
)
\c@ContinuedFloat=\count105
Package caption Info: listings package is loaded.
Package caption Info: longtable package is loaded.

(/usr/local/texlive/2017/texmf-dist/tex/latex/caption/ltcaption.sty
Package: ltcaption 2013/06/09 v1.4-94 longtable captions (AR)
))
\c@KVtest=\count106
\sf@farskip=\skip49
\sf@captopadj=\dimen124
\sf@capskip=\skip50
\sf@nearskip=\skip51
\c@subfigure=\count107
\c@subfigure@save=\count108
\c@lofdepth=\count109
\c@subtable=\count110
\c@subtable@save=\count111
\c@lotdepth=\count112
\sf@top=\skip52
\sf@bottom=\skip53
)
(/usr/local/texlive/2017/texmf-dist/tex/latex/float/float.sty
Package: float 2001/11/08 v1.3d Float enhancements (AL)
\c@float@type=\count113
\float@exts=\toks21
\float@box=\box32
\@float@everytoks=\toks22
\@floatcapt=\box33
)
(/usr/local/texlive/2017/texmf-dist/tex/latex/csvsimple/csvsimple.sty
Package: csvsimple 2016/07/01 version 1.20 LaTeX CSV file processing

(/usr/local/texlive/2017/texmf-dist/tex/latex/pgf/utilities/pgfkeys.sty
(/usr/local/texlive/2017/texmf-dist/tex/generic/pgf/utilities/pgfkeys.code.tex
\pgfkeys@pathtoks=\toks23
\pgfkeys@temptoks=\toks24

(/usr/local/texlive/2017/texmf-dist/tex/generic/pgf/utilities/pgfkeysfiltered.c
ode.tex
\pgfkeys@tmptoks=\toks25
))) (/usr/local/texlive/2017/texmf-dist/tex/latex/base/ifthen.sty
Package: ifthen 2014/09/29 v1.1c Standard LaTeX ifthen package (DPC)
)
(/usr/local/texlive/2017/texmf-dist/tex/latex/etoolbox/etoolbox.sty
Package: etoolbox 2017/01/02 v2.4 e-TeX tools for LaTeX (JAW)
\etb@tempcnta=\count114
)
(/usr/local/texlive/2017/texmf-dist/tex/latex/tools/shellesc.sty
Package: shellesc 2016/06/07 v0.02a unified shell escape interface for LaTeX
Package shellesc Info: Restricted shell escape enabled on input line 69.
)
\csv@file=\read2
\c@csvinputline=\count115
\c@csvrow=\count116
\c@csvcol=\count117
\csv@out=\write3
)
(./proposal.aux)
\openout1 = `proposal.aux'.

LaTeX Font Info:    Checking defaults for OML/cmm/m/it on input line 11.
LaTeX Font Info:    ... okay on input line 11.
LaTeX Font Info:    Checking defaults for T1/cmr/m/n on input line 11.
LaTeX Font Info:    ... okay on input line 11.
LaTeX Font Info:    Checking defaults for OT1/cmr/m/n on input line 11.
LaTeX Font Info:    ... okay on input line 11.
LaTeX Font Info:    Checking defaults for OMS/cmsy/m/n on input line 11.
LaTeX Font Info:    ... okay on input line 11.
LaTeX Font Info:    Checking defaults for OMX/cmex/m/n on input line 11.
LaTeX Font Info:    ... okay on input line 11.
LaTeX Font Info:    Checking defaults for U/cmr/m/n on input line 11.
LaTeX Font Info:    ... okay on input line 11.
\c@lstlisting=\count118

(/usr/local/texlive/2017/texmf-dist/tex/context/base/mkii/supp-pdf.mkii
[Loading MPS to PDF converter (version 2006.09.02).]
\scratchcounter=\count119
\scratchdimen=\dimen125
\scratchbox=\box34
\nofMPsegments=\count120
\nofMParguments=\count121
\everyMPshowfont=\toks26
\MPscratchCnt=\count122
\MPscratchDim=\dimen126
\MPnumerator=\count123
\makeMPintoPDFobject=\count124
\everyMPtoPDFconversion=\toks27
) (/usr/local/texlive/2017/texmf-dist/tex/generic/oberdiek/pdftexcmds.sty
Package: pdftexcmds 2017/03/19 v0.25 Utility functions of pdfTeX for LuaTeX (HO
)

(/usr/local/texlive/2017/texmf-dist/tex/generic/oberdiek/ifluatex.sty
Package: ifluatex 2016/05/16 v1.4 Provides the ifluatex switch (HO)
Package ifluatex Info: LuaTeX not detected.
)
(/usr/local/texlive/2017/texmf-dist/tex/generic/oberdiek/ifpdf.sty
Package: ifpdf 2017/03/15 v3.2 Provides the ifpdf switch
)
Package pdftexcmds Info: LuaTeX not detected.
Package pdftexcmds Info: \pdf@primitive is available.
Package pdftexcmds Info: \pdf@ifprimitive is available.
Package pdftexcmds Info: \pdfdraftmode found.
)
(/usr/local/texlive/2017/texmf-dist/tex/latex/oberdiek/epstopdf-base.sty
Package: epstopdf-base 2016/05/15 v2.6 Base part for package epstopdf

(/usr/local/texlive/2017/texmf-dist/tex/latex/oberdiek/grfext.sty
Package: grfext 2016/05/16 v1.2 Manage graphics extensions (HO)

(/usr/local/texlive/2017/texmf-dist/tex/generic/oberdiek/kvdefinekeys.sty
Package: kvdefinekeys 2016/05/16 v1.4 Define keys (HO)
))
(/usr/local/texlive/2017/texmf-dist/tex/latex/oberdiek/kvoptions.sty
Package: kvoptions 2016/05/16 v3.12 Key value format for package options (HO)

(/usr/local/texlive/2017/texmf-dist/tex/generic/oberdiek/kvsetkeys.sty
Package: kvsetkeys 2016/05/16 v1.17 Key value parser (HO)

(/usr/local/texlive/2017/texmf-dist/tex/generic/oberdiek/etexcmds.sty
Package: etexcmds 2016/05/16 v1.6 Avoid name clashes with e-TeX commands (HO)
Package etexcmds Info: Could not find \expanded.
(etexcmds)             That can mean that you are not using pdfTeX 1.50 or
(etexcmds)             that some package has redefined \expanded.
(etexcmds)             In the latter case, load this package earlier.
)))
Package epstopdf-base Info: Redefining graphics rule for `.eps' on input line 4
38.
Package grfext Info: Graphics extension search list:
(grfext)             [.png,.pdf,.jpg,.mps,.jpeg,.jbig2,.jb2,.PNG,.PDF,.JPG,.JPE
G,.JBIG2,.JB2,.eps]
(grfext)             \AppendGraphicsExtensions on input line 456.

(/usr/local/texlive/2017/texmf-dist/tex/latex/latexconfig/epstopdf-sys.cfg
File: epstopdf-sys.cfg 2010/07/13 v1.3 Configuration of (r)epstopdf for TeX Liv
e
))
Package caption Info: Begin \AtBeginDocument code.
Package caption Info: subfig package v1.3 is loaded.
Package caption Info: float package is loaded.
Package caption Info: End \AtBeginDocument code.

[1

{/usr/local/texlive/2017/texmf-var/fonts/map/pdftex/updmap/pdftex.map}]
(./proposal.toc
LaTeX Font Info:    External font `cmex10' loaded for size
(Font)              <12> on input line 2.
LaTeX Font Info:    External font `cmex10' loaded for size
(Font)              <8> on input line 2.
LaTeX Font Info:    External font `cmex10' loaded for size
(Font)              <6> on input line 2.
 [1]
Missing character: There is no ‚ in font cmr12!
Missing character: There is no Ä in font cmr12!
Missing character: There is no ì in font cmr12!
 [2])
\tf@toc=\write4
\openout4 = `proposal.toc'.

 [3]
Missing character: There is no ¬ in font cmr12!
Missing character: There is no £ in font cmr12!
Missing character: There is no ¬ in font cmr12!
Missing character: There is no £ in font cmr12!
Missing character: There is no ¬ in font cmr12!
Missing character: There is no £ in font cmr12!
Missing character: There is no ‚ in font cmr12!
Missing character: There is no Ä in font cmr12!
Missing character: There is no ô in font cmr12!
Missing character: There is no ‚ in font cmr12!
Missing character: There is no Ä in font cmr12!
Missing character: There is no ô in font cmr12!
Missing character: There is no ‚ in font cmr12!
Missing character: There is no Ä in font cmr12!
Missing character: There is no ô in font cmr12!
 [4]
Missing character: There is no ‚ in font cmr12!
Missing character: There is no Ä in font cmr12!
Missing character: There is no ô in font cmr12!
Missing character: There is no ‚ in font cmr12!
Missing character: There is no Ä in font cmr12!
Missing character: There is no ô in font cmr12!
Missing character: There is no ‚ in font cmr12!
Missing character: There is no Ä in font cmr12!
Missing character: There is no ô in font cmr12!
Missing character: There is no ‚ in font cmr12!
Missing character: There is no Ä in font cmr12!
Missing character: There is no ô in font cmr12!
Missing character: There is no ‚ in font cmr12!
Missing character: There is no Ä in font cmr12!
Missing character: There is no ¢ in font cmr12!
LaTeX Font Info:    Try loading font information for OMS+cmr on input line 62.

(/usr/local/texlive/2017/texmf-dist/tex/latex/base/omscmr.fd
File: omscmr.fd 2014/09/29 v2.5h Standard LaTeX font definitions
)
LaTeX Font Info:    Font shape `OMS/cmr/m/n' in size <12> not available
(Font)              Font shape `OMS/cmsy/m/n' tried instead on input line 62.
Missing character: There is no ‚ in font cmr12!
Missing character: There is no Ä in font cmr12!
Missing character: There is no ô in font cmr12!
 [5]
Missing character: There is no ‚ in font cmr12!
Missing character: There is no Ä in font cmr12!
Missing character: There is no ô in font cmr12!
Missing character: There is no ‚ in font cmr12!
Missing character: There is no Ä in font cmr12!
Missing character: There is no ô in font cmr12!
Missing character: There is no ‚ in font cmr12!
Missing character: There is no Ä in font cmr12!
Missing character: There is no ô in font cmr12!
Missing character: There is no ‚ in font cmr12!
Missing character: There is no Ä in font cmr12!
Missing character: There is no ô in font cmr12!
 [6]
Missing character: There is no ‚ in font cmr12!
Missing character: There is no Ä in font cmr12!
Missing character: There is no ú in font cmr12!
Missing character: There is no ‚ in font cmr12!
Missing character: There is no Ä in font cmr12!
Missing character: There is no ù in font cmr12!
 [7]
<../assets/5-use-case-diagram.jpg, id=33, 894.34125pt x 349.305pt>
File: ../assets/5-use-case-diagram.jpg Graphic file (type jpg)

<use ../assets/5-use-case-diagram.jpg>
Package pdftex.def Info: ../assets/5-use-case-diagram.jpg used on input line 13
5.
(pdftex.def)             Requested size: 390.0pt x 152.32486pt.

<../assets/5-sequence-diagram.jpg, id=34, 884.30376pt x 815.045pt>
File: ../assets/5-sequence-diagram.jpg Graphic file (type jpg)

<use ../assets/5-sequence-diagram.jpg>
Package pdftex.def Info: ../assets/5-sequence-diagram.jpg used on input line 14
4.
(pdftex.def)             Requested size: 390.0pt x 359.45415pt.
 [8 <../assets/5-use-case-diagram.jpg>]
<../assets/5-activity-diagram.jpg, id=38, 573.14125pt x 1101.11375pt>
File: ../assets/5-activity-diagram.jpg Graphic file (type jpg)

<use ../assets/5-activity-diagram.jpg>
Package pdftex.def Info: ../assets/5-activity-diagram.jpg used on input line 15
3.
(pdftex.def)             Requested size: 272.99881pt x 524.49622pt.
 [9 <../assets/5-sequence-diagram.jpg>]
[10 <../assets/5-activity-diagram.jpg>]
<../assets/5-ui-log-item.jpg, id=45, 750.805pt x 1340.00626pt>
File: ../assets/5-ui-log-item.jpg Graphic file (type jpg)

<use ../assets/5-ui-log-item.jpg>
Package pdftex.def Info: ../assets/5-ui-log-item.jpg used on input line 183.
(pdftex.def)             Requested size: 108.405pt x 193.46783pt.

<../assets/5-ui-item-list.jpg, id=46, 753.81625pt x 1340.00626pt>
File: ../assets/5-ui-item-list.jpg Graphic file (type jpg)

<use ../assets/5-ui-item-list.jpg>
Package pdftex.def Info: ../assets/5-ui-item-list.jpg used on input line 184.
(pdftex.def)             Requested size: 108.405pt x 192.69086pt.

<../assets/5-ui-track-item.jpg, id=47, 746.79pt x 1332.98pt>
File: ../assets/5-ui-track-item.jpg Graphic file (type jpg)

<use ../assets/5-ui-track-item.jpg>
Package pdftex.def Info: ../assets/5-ui-track-item.jpg used on input line 185.
(pdftex.def)             Requested size: 108.405pt x 193.4907pt.

<../assets/5-ui-notification.jpg, id=48, 750.805pt x 1346.02875pt>
File: ../assets/5-ui-notification.jpg Graphic file (type jpg)

<use ../assets/5-ui-notification.jpg>
Package pdftex.def Info: ../assets/5-ui-notification.jpg used on input line 186
.
(pdftex.def)             Requested size: 108.405pt x 194.33734pt.

<../assets/5-ui-welcome.jpg, id=49, 755.82375pt x 1343.0175pt>
File: ../assets/5-ui-welcome.jpg Graphic file (type jpg)

<use ../assets/5-ui-welcome.jpg>
Package pdftex.def Info: ../assets/5-ui-welcome.jpg used on input line 187.
(pdftex.def)             Requested size: 108.405pt x 192.61154pt.

<../assets/5-ui-sign-in.jpg, id=50, 751.80875pt x 1337.99875pt>
File: ../assets/5-ui-sign-in.jpg Graphic file (type jpg)

<use ../assets/5-ui-sign-in.jpg>
Package pdftex.def Info: ../assets/5-ui-sign-in.jpg used on input line 188.
(pdftex.def)             Requested size: 108.405pt x 192.91258pt.

<../assets/5-ui-register.jpg, id=51, 752.8125pt x 1340.00626pt>
File: ../assets/5-ui-register.jpg Graphic file (type jpg)

<use ../assets/5-ui-register.jpg>
Package pdftex.def Info: ../assets/5-ui-register.jpg used on input line 189.
(pdftex.def)             Requested size: 108.405pt x 192.95667pt.
 [11]
Overfull \vbox (91.2847pt too high) has occurred while \output is active []


[12 <../assets/5-ui-log-item.jpg> <../assets/5-ui-item-list.jpg> <../assets/5-u
i-track-item.jpg> <../assets/5-ui-notification.jpg> <../assets/5-ui-welcome.jpg
> <../assets/5-ui-sign-in.jpg> <../assets/5-ui-register.jpg>]
Missing character: There is no ‚ in font cmr12!
Missing character: There is no Ä in font cmr12!
Missing character: There is no ô in font cmr12!
Missing character: There is no ‚ in font cmr12!
Missing character: There is no Ä in font cmr12!
Missing character: There is no ô in font cmr12!
Missing character: There is no ‚ in font cmr12!
Missing character: There is no Ä in font cmr12!
Missing character: There is no ì in font cmr12!
Missing character: There is no ‚ in font cmr12!
Missing character: There is no Ä in font cmr12!
Missing character: There is no ì in font cmr12!
 [13]
Missing character: There is no ‚ in font cmr12!
Missing character: There is no Ä in font cmr12!
Missing character: There is no ô in font cmr12!
Missing character: There is no ‚ in font cmr12!
Missing character: There is no Ä in font cmr12!
Missing character: There is no ô in font cmr12!
 [14]
Missing character: There is no ‚ in font cmr12!
Missing character: There is no Ä in font cmr12!
Missing character: There is no ô in font cmr12!
Missing character: There is no ‚ in font cmr12!
Missing character: There is no Ä in font cmr12!
Missing character: There is no ô in font cmr12!
Missing character: There is no ‚ in font cmr12!
Missing character: There is no Ä in font cmr12!
Missing character: There is no ô in font cmr12!

<../assets/7-technical-architecture-logical.jpg, id=66, 1095.09125pt x 1074.012
5pt>
File: ../assets/7-technical-architecture-logical.jpg Graphic file (type jpg)
 <use ../assets/7-technical-architecture-logical.jpg>
Package pdftex.def Info: ../assets/7-technical-architecture-logical.jpg used on
 input line 239.
(pdftex.def)             Requested size: 390.0pt x 382.49802pt.
 [15] [16 <../assets/7-technical-architecture-logical.jpg>]
<../assets/7-technical-architecture-development.jpg, id=73, 648.4225pt x 302.12
875pt>
File: ../assets/7-technical-architecture-development.jpg Graphic file (type jpg
)
 <use ../assets/7-technical-architecture-development.jpg>
Package pdftex.def Info: ../assets/7-technical-architecture-development.jpg use
d on input line 251.
(pdftex.def)             Requested size: 390.0pt x 181.7212pt.

<../assets/7-technical-architecture-physical.jpg, id=74, 1175.39125pt x 502.878
75pt>
File: ../assets/7-technical-architecture-physical.jpg Graphic file (type jpg)
 <use ../assets/7-technical-architecture-physical.jpg>
Package pdftex.def Info: ../assets/7-technical-architecture-physical.jpg used o
n input line 261.
(pdftex.def)             Requested size: 390.0pt x 166.85594pt.
 [17 <../assets/7-technical-architecture-development.jpg>]
Missing character: There is no ‚ in font cmr12!
Missing character: There is no Ä in font cmr12!
Missing character: There is no ô in font cmr12!
Missing character: There is no ‚ in font cmr12!
Missing character: There is no Ä in font cmr12!
Missing character: There is no ô in font cmr12!
 [18 <../assets/7-technical-architecture-physical.jpg>]
Missing character: There is no ‚ in font cmr12!
Missing character: There is no Ä in font cmr12!
Missing character: There is no ô in font cmr12!

<../assets/9-project-diagram-all.jpg, id=82, 4053.1425pt x 743.77875pt>
File: ../assets/9-project-diagram-all.jpg Graphic file (type jpg)

<use ../assets/9-project-diagram-all.jpg>
Package pdftex.def Info: ../assets/9-project-diagram-all.jpg used on input line
 292.
(pdftex.def)             Requested size: 390.0pt x 71.56764pt.
 [19 <../assets/9-project-diagram-all.jpg>] <../assets/9-project-diagram-1.jpg,
 id=86, 795.97375pt x 227.85126pt>
File: ../assets/9-project-diagram-1.jpg Graphic file (type jpg)

<use ../assets/9-project-diagram-1.jpg>
Package pdftex.def Info: ../assets/9-project-diagram-1.jpg used on input line 3
19.
(pdftex.def)             Requested size: 390.0pt x 111.63765pt.

<../assets/9-project-diagram-2.jpg, id=87, 998.73125pt x 385.44pt>
File: ../assets/9-project-diagram-2.jpg Graphic file (type jpg)

<use ../assets/9-project-diagram-2.jpg>
Package pdftex.def Info: ../assets/9-project-diagram-2.jpg used on input line 3
26.
(pdftex.def)             Requested size: 390.0pt x 150.50919pt.

<../assets/9-project-diagram-3.jpg, id=88, 1547.7825pt x 279.0425pt>
File: ../assets/9-project-diagram-3.jpg Graphic file (type jpg)

<use ../assets/9-project-diagram-3.jpg>
Package pdftex.def Info: ../assets/9-project-diagram-3.jpg used on input line 3
33.
(pdftex.def)             Requested size: 390.0pt x 70.30971pt.

<../assets/9-project-diagram-4.jpg, id=89, 374.39874pt x 326.21875pt>
File: ../assets/9-project-diagram-4.jpg Graphic file (type jpg)

<use ../assets/9-project-diagram-4.jpg>
Package pdftex.def Info: ../assets/9-project-diagram-4.jpg used on input line 3
40.
(pdftex.def)             Requested size: 195.0pt x 169.9085pt.
 [20 <../assets/9-project-diagram-1.jpg> <../assets/9-project-diagram-2.jpg> <.
./assets/9-project-diagram-3.jpg>]
<../assets/9-project-diagram-5.jpg, id=93, 1078.0275pt x 430.60875pt>
File: ../assets/9-project-diagram-5.jpg Graphic file (type jpg)

<use ../assets/9-project-diagram-5.jpg>
Package pdftex.def Info: ../assets/9-project-diagram-5.jpg used on input line 3
47.
(pdftex.def)             Requested size: 390.0pt x 155.7812pt.

<../assets/9-gantt-chart.jpg, id=94, 1694.33pt x 869.2475pt>
File: ../assets/9-gantt-chart.jpg Graphic file (type jpg)

<use ../assets/9-gantt-chart.jpg>
Package pdftex.def Info: ../assets/9-gantt-chart.jpg used on input line 372.
(pdftex.def)             Requested size: 390.0pt x 200.08188pt.
 [21 <../assets/9-project-diagram-4.jpg> <../assets/9-project-diagram-5.jpg>] [
22 <../assets/9-gantt-chart.jpg>]
Missing character: There is no ‚ in font cmr12!
Missing character: There is no Ä in font cmr12!
Missing character: There is no ô in font cmr12!
Missing character: There is no ‚ in font cmr12!
Missing character: There is no Ä in font cmr12!
Missing character: There is no ò in font cmr12!
Missing character: There is no ‚ in font cmr12!
Missing character: There is no Ä in font cmr12!
Missing character: There is no ô in font cmr12!
Missing character: There is no ‚ in font cmr12!
Missing character: There is no Ä in font cmr12!
Missing character: There is no ì in font cmr12!
Missing character: There is no ‚ in font cmr12!
Missing character: There is no Ä in font cmr12!
Missing character: There is no ì in font cmr12!
 [23]
Missing character: There is no ‚ in font cmr12!
Missing character: There is no Ä in font cmr12!
Missing character: There is no ú in font cmr12!
Missing character: There is no ‚ in font cmr12!
Missing character: There is no Ä in font cmr12!
Missing character: There is no ù in font cmr12!

Underfull \hbox (badness 10000) in paragraph at lines 409--410
[]\OT1/cmr/m/n/12 What are Es-ti-mote Stick-ers?, Es-ti-mote Com-mu-nity Por-ta
l.
 []


Underfull \hbox (badness 10000) in paragraph at lines 409--410
\OT1/cmr/m/n/12 [On-line]. Avail-able: https://community.estimote.com/hc/en-
 []


Underfull \hbox (badness 6445) in paragraph at lines 409--410
\OT1/cmr/m/n/12 us/articles/203323543-What-are-Estimote-Stickers-. [Ac-cessed: 
29-
 []

Missing character: There is no ‚ in font cmr12!
Missing character: There is no Ä in font cmr12!
Missing character: There is no ú in font cmr12!
Missing character: There is no ‚ in font cmr12!
Missing character: There is no Ä in font cmr12!
Missing character: There is no ù in font cmr12!

Underfull \hbox (badness 10000) in paragraph at lines 410--411
[]\OT1/cmr/m/n/12 Find Your Tile, Wa-ter-proof Tile Sport Blue-tooth Tracker
 []


Underfull \hbox (badness 10000) in paragraph at lines 410--411
\OT1/cmr/m/n/12 Helps You Find Your Things | Tile. [On-line]. Avail-able:
 []


Underfull \hbox (badness 5847) in paragraph at lines 410--411
\OT1/cmr/m/n/12 https://www.thetileapp.com/en-gb/products/sport. [Ac-cessed: 30
-
 []

Missing character: There is no ‚ in font cmr12!
Missing character: There is no Ä in font cmr12!
Missing character: There is no ú in font cmr12!
Missing character: There is no ‚ in font cmr12!
Missing character: There is no Ä in font cmr12!
Missing character: There is no ù in font cmr12!

Underfull \hbox (badness 10000) in paragraph at lines 411--412
[]\OT1/cmr/m/n/12 Skyhook Wire-less | Lo-ca-tion data provider, Sky-hook
 []


Underfull \hbox (badness 10000) in paragraph at lines 411--412
\OT1/cmr/m/n/12 Wire-less | Lo-ca-tion data provider. [On-line]. Avail-able:
 []

Missing character: There is no ‚ in font cmr12!
Missing character: There is no Ä in font cmr12!
Missing character: There is no ú in font cmr12!
Missing character: There is no ‚ in font cmr12!
Missing character: There is no Ä in font cmr12!
Missing character: There is no ù in font cmr12!

Underfull \hbox (badness 10000) in paragraph at lines 412--413
[]\OT1/cmr/m/n/12 Cloud ser-vices, Holo-gram. [On-line]. Avail-able:
 []

Missing character: There is no ‚ in font cmr12!
Missing character: There is no Ä in font cmr12!
Missing character: There is no ú in font cmr12!
Missing character: There is no ‚ in font cmr12!
Missing character: There is no Ä in font cmr12!
Missing character: There is no ì in font cmr12!
Missing character: There is no ‚ in font cmr12!
Missing character: There is no Ä in font cmr12!
Missing character: There is no ù in font cmr12!
<../assets/12-2-survey-1.jpg, id=104, 533.74406pt x 373.395pt>
File: ../assets/12-2-survey-1.jpg Graphic file (type jpg)

<use ../assets/12-2-survey-1.jpg>
Package pdftex.def Info: ../assets/12-2-survey-1.jpg used on input line 426.
(pdftex.def)             Requested size: 390.0pt x 272.84387pt.
 [24]
<../assets/12-2-survey-2.jpg, id=109, 544.28343pt x 348.55219pt>
File: ../assets/12-2-survey-2.jpg Graphic file (type jpg)

<use ../assets/12-2-survey-2.jpg>
Package pdftex.def Info: ../assets/12-2-survey-2.jpg used on input line 433.
(pdftex.def)             Requested size: 390.0pt x 249.75008pt.
 [25 <../assets/12-2-survey-1.jpg>]
<../assets/12-2-survey-3.jpg, id=113, 545.78906pt x 365.11406pt>
File: ../assets/12-2-survey-3.jpg Graphic file (type jpg)

<use ../assets/12-2-survey-3.jpg>
Package pdftex.def Info: ../assets/12-2-survey-3.jpg used on input line 440.
(pdftex.def)             Requested size: 390.0pt x 260.89857pt.

<../assets/12-2-survey-4.jpg, id=114, 550.30594pt x 555.57562pt>
File: ../assets/12-2-survey-4.jpg Graphic file (type jpg)

<use ../assets/12-2-survey-4.jpg>
Package pdftex.def Info: ../assets/12-2-survey-4.jpg used on input line 447.
(pdftex.def)             Requested size: 390.0pt x 393.74934pt.
 [26 <../assets/12-2-survey-2.jpg> <../assets/12-2-survey-3.jpg>]
<../assets/12-2-survey-5.jpg, id=118, 554.07pt x 566.115pt>
File: ../assets/12-2-survey-5.jpg Graphic file (type jpg)

<use ../assets/12-2-survey-5.jpg>
Package pdftex.def Info: ../assets/12-2-survey-5.jpg used on input line 454.
(pdftex.def)             Requested size: 390.0pt x 398.48055pt.
 [27 <../assets/12-2-survey-4.jpg>]
<../assets/12-2-survey-6.jpg, id=122, 540.51938pt x 546.54187pt>
File: ../assets/12-2-survey-6.jpg Graphic file (type jpg)

<use ../assets/12-2-survey-6.jpg>
Package pdftex.def Info: ../assets/12-2-survey-6.jpg used on input line 461.
(pdftex.def)             Requested size: 390.0pt x 394.35213pt.
 [28 <../assets/12-2-survey-5.jpg>]
<../assets/12-2-survey-7.jpg, id=126, 459.96844pt x 521.69907pt>
File: ../assets/12-2-survey-7.jpg Graphic file (type jpg)

<use ../assets/12-2-survey-7.jpg>
Package pdftex.def Info: ../assets/12-2-survey-7.jpg used on input line 468.
(pdftex.def)             Requested size: 390.0pt x 442.36366pt.
 [29 <../assets/12-2-survey-6.jpg>]
<../assets/12-2-survey-8.jpg, id=130, 543.53062pt x 546.54187pt>
File: ../assets/12-2-survey-8.jpg Graphic file (type jpg)

<use ../assets/12-2-survey-8.jpg>
Package pdftex.def Info: ../assets/12-2-survey-8.jpg used on input line 475.
(pdftex.def)             Requested size: 390.0pt x 392.1755pt.
 [30 <../assets/12-2-survey-7.jpg>] [31 <../assets/12-2-survey-8.jpg>] [32]
Missing character: There is no ‚ in font cmr12!
Missing character: There is no Ä in font cmr12!
Missing character: There is no ô in font cmr12!
 [33]
Missing character: There is no ¬ in font cmr12!
Missing character: There is no £ in font cmr12!
 [34]
Missing character: There is no ¬ in font cmr12!
Missing character: There is no £ in font cmr12!
Missing character: There is no ‚ in font cmr12!
Missing character: There is no Ä in font cmr12!
Missing character: There is no ô in font cmr12!

Overfull \hbox (3.49036pt too wide) in paragraph at lines 545--546
[]\OT1/cmr/m/n/12 The ap-pli-ca-tion doesnt al-ways give ac-cu-rate in-for-ma-t
ion re-gard-ing items
 []

[35]
Missing character: There is no ‚ in font cmr12!
Missing character: There is no Ä in font cmr12!
Missing character: There is no ú in font cmr12!
Missing character: There is no ‚ in font cmr12!
Missing character: There is no Ä in font cmr12!
Missing character: There is no ô in font cmr12!
Missing character: There is no ‚ in font cmr12!
Missing character: There is no Ä in font cmr12!
Missing character: There is no ù in font cmr12!
Missing character: There is no ‚ in font cmr12!
Missing character: There is no Ä in font cmr12!
Missing character: There is no ô in font cmr12!
 [36] [37] [38]
Missing character: There is no ¬ in font cmr12!
Missing character: There is no µ in font cmr12!
Missing character: There is no ‚ in font cmr12!
Missing character: There is no Ä in font cmr12!
Missing character: There is no ì in font cmr12!
Missing character: There is no ‚ in font cmr12!
Missing character: There is no Ä in font cmr12!
Missing character: There is no ì in font cmr12!
Missing character: There is no ‚ in font cmr12!
Missing character: There is no Ä in font cmr12!
Missing character: There is no ì in font cmr12!
Missing character: There is no ‚ in font cmr12!
Missing character: There is no Ä in font cmr12!
Missing character: There is no ì in font cmr12!
 [39]
Missing character: There is no ‚ in font cmr12!
Missing character: There is no Ä in font cmr12!
Missing character: There is no ô in font cmr12!
Missing character: There is no ‚ in font cmr12!
Missing character: There is no Ä in font cmr12!
Missing character: There is no ò in font cmr12!
Missing character: There is no ‚ in font cmr12!
Missing character: There is no Ä in font cmr12!
Missing character: There is no ô in font cmr12!
Missing character: There is no ‚ in font cmr12!
Missing character: There is no Ä in font cmr12!
Missing character: There is no ì in font cmr12!
Missing character: There is no ‚ in font cmr12!
Missing character: There is no Ä in font cmr12!
Missing character: There is no ô in font cmr12!
Missing character: There is no ¬ in font cmr12!
Missing character: There is no Æ in font cmr12!
Missing character: There is no ‚ in font cmr12!
Missing character: There is no Ä in font cmr12!
Missing character: There is no î in font cmr12!
 [40] [41]
Missing character: There is no ¬ in font cmr12!
Missing character: There is no £ in font cmr12!
Missing character: There is no ¬ in font cmr12!
Missing character: There is no £ in font cmr12!
Missing character: There is no ‚ in font cmr12!
Missing character: There is no Ä in font cmr12!
Missing character: There is no É in font cmr12!
Missing character: There is no ‚ in font cmr12!
Missing character: There is no Ä in font cmr12!
Missing character: There is no ô in font cmr12!
Missing character: There is no ‚ in font cmr12!
Missing character: There is no Ä in font cmr12!
Missing character: There is no ú in font cmr12!
Missing character: There is no ‚ in font cmr12!
Missing character: There is no Ä in font cmr12!
Missing character: There is no ù in font cmr12!
 [42]
Missing character: There is no ‚ in font cmr12!
Missing character: There is no Ä in font cmr12!
Missing character: There is no ú in font cmr12!
Missing character: There is no ‚ in font cmr12!
Missing character: There is no Ä in font cmr12!
Missing character: There is no ù in font cmr12!
Missing character: There is no ‚ in font cmbx12!
Missing character: There is no Ä in font cmbx12!
Missing character: There is no ì in font cmbx12!
Missing character: There is no ‚ in font cmr12!
Missing character: There is no Ä in font cmr12!
Missing character: There is no ô in font cmr12!
Missing character: There is no ‚ in font cmr12!
Missing character: There is no Ä in font cmr12!
Missing character: There is no ú in font cmr12!
Missing character: There is no ‚ in font cmr12!
Missing character: There is no Ä in font cmr12!
Missing character: There is no ù in font cmr12!
 [43]
Missing character: There is no ‚ in font cmr12!
Missing character: There is no Ä in font cmr12!
Missing character: There is no ì in font cmr12!
Missing character: There is no ‚ in font cmr12!
Missing character: There is no Ä in font cmr12!
Missing character: There is no ô in font cmr12!
Missing character: There is no ‚ in font cmr12!
Missing character: There is no Ä in font cmr12!
Missing character: There is no ì in font cmr12!
Missing character: There is no ‚ in font cmr12!
Missing character: There is no Ä in font cmr12!
Missing character: There is no ì in font cmr12!
Missing character: There is no ‚ in font cmr12!
Missing character: There is no Ä in font cmr12!
Missing character: There is no ì in font cmr12!
Missing character: There is no ‚ in font cmr12!
Missing character: There is no Ä in font cmr12!
Missing character: There is no ì in font cmr12!
Missing character: There is no ‚ in font cmr12!
Missing character: There is no Ä in font cmr12!
Missing character: There is no ì in font cmr12!
Missing character: There is no ‚ in font cmr12!
Missing character: There is no Ä in font cmr12!
Missing character: There is no ì in font cmr12!
Missing character: There is no ‚ in font cmr12!
Missing character: There is no Ä in font cmr12!
Missing character: There is no ì in font cmr12!
Missing character: There is no ‚ in font cmr12!
Missing character: There is no Ä in font cmr12!
Missing character: There is no ì in font cmr12!
Missing character: There is no ¬ in font cmr12!
Missing character: There is no £ in font cmr12!
Missing character: There is no ¬ in font cmr12!
Missing character: There is no £ in font cmr12!
Missing character: There is no ‚ in font cmr12!
Missing character: There is no Ä in font cmr12!
Missing character: There is no ì in font cmr12!
Missing character: There is no ‚ in font cmr12!
Missing character: There is no Ä in font cmr12!
Missing character: There is no ì in font cmr12!
Missing character: There is no ¬ in font cmr12!
Missing character: There is no £ in font cmr12!
 [44]
Missing character: There is no ‚ in font cmr12!
Missing character: There is no Ä in font cmr12!
Missing character: There is no ô in font cmr12!

Overfull \hbox (3.92241pt too wide) in paragraph at lines 803--804
 [] \OT1/cmr/m/n/12 There are many Ar-duino GPS hard-wares out in the mar-ket t
hat are buyable.
 []

<../assets/12-6-1-gpsinside.jpg, id=179, 501.875pt x 354.32375pt>
File: ../assets/12-6-1-gpsinside.jpg Graphic file (type jpg)

<use ../assets/12-6-1-gpsinside.jpg>
Package pdftex.def Info: ../assets/12-6-1-gpsinside.jpg used on input line 808.

(pdftex.def)             Requested size: 390.0pt x 275.35498pt.
 [45]
Missing character: There is no ¬ in font cmr12!
Missing character: There is no £ in font cmr12!
Missing character: There is no ¬ in font cmr12!
Missing character: There is no £ in font cmr12!
Missing character: There is no ¬ in font cmr12!
Missing character: There is no £ in font cmr12!
Missing character: There is no ¬ in font cmr12!
Missing character: There is no £ in font cmr12!
Missing character: There is no ¬ in font cmr12!
Missing character: There is no £ in font cmr12!
Missing character: There is no ¬ in font cmr12!
Missing character: There is no £ in font cmr12!
Missing character: There is no ¬ in font cmr12!
Missing character: There is no £ in font cmr12!
Missing character: There is no ¬ in font cmr12!
Missing character: There is no £ in font cmr12!
Missing character: There is no ¬ in font cmr12!
Missing character: There is no £ in font cmr12!
Missing character: There is no ¬ in font cmr12!
Missing character: There is no £ in font cmr12!
Missing character: There is no ¬ in font cmr12!
Missing character: There is no £ in font cmr12!
Missing character: There is no ¬ in font cmr12!
Missing character: There is no £ in font cmr12!
Missing character: There is no ¬ in font cmr12!
Missing character: There is no £ in font cmr12!

Underfull \hbox (badness 6641) in paragraph at lines 828--828
[]|\OT1/cmr/m/n/12 Basic Un-der-stand-ing
 []

Missing character: There is no ¬ in font cmr12!
Missing character: There is no £ in font cmr12!

Underfull \hbox (badness 2073) in paragraph at lines 828--828
\OT1/cmr/m/n/12 at least be able to
 []


Underfull \hbox (badness 1609) in paragraph at lines 828--828
\OT1/cmr/m/n/12 code se-rial or TTL.
 []

Missing character: There is no ¬ in font cmr12!
Missing character: There is no £ in font cmr12!

Underfull \hbox (badness 1342) in paragraph at lines 828--828
[]|\OT1/cmr/m/n/12 This re-quires a well
 []


Underfull \hbox (badness 5622) in paragraph at lines 828--828
\OT1/cmr/m/n/12 round un-der-stand-ing
 []

Missing character: There is no ¬ in font cmr12!
Missing character: There is no £ in font cmr12!

Underfull \hbox (badness 3000) in paragraph at lines 828--828
\OT1/cmr/m/n/12 Due to its size, it
 []

Missing character: There is no ¬ in font cmr12!
Missing character: There is no £ in font cmr12!

Underfull \hbox (badness 1014) in paragraph at lines 828--828
\OT1/cmr/m/n/12 it does not take up
 []


Underfull \hbox (badness 1990) in paragraph at lines 828--828
\OT1/cmr/m/n/12 lows both hot start
 []

Missing character: There is no ¬ in font cmr12!
Missing character: There is no £ in font cmr12!

Underfull \hbox (badness 2617) in paragraph at lines 828--828
[]|\OT1/cmr/m/n/12 - Re-quires and will
 []

[46 <../assets/12-6-1-gpsinside.jpg>]
Overfull \vbox (117.19983pt too high) has occurred while \output is active []


[47]
Underfull \hbox (badness 10000) in paragraph at lines 836--836
[]|\OT1/cmr/m/n/12 Major
 []


Underfull \hbox (badness 10000) in paragraph at lines 836--836
[]|\OT1/cmr/m/n/12 WBS
 []


Underfull \hbox (badness 10000) in paragraph at lines 839--839
[]|\OT1/cmr/m/n/12 Define Stake-
 []


Underfull \hbox (badness 1132) in paragraph at lines 839--839
[]|\OT1/cmr/m/n/12 Consider the stake-hold-ers that
 []


Underfull \hbox (badness 1694) in paragraph at lines 840--840
[]|\OT1/cmr/m/n/12 Investivate the prospect users'
 []


Underfull \hbox (badness 10000) in paragraph at lines 842--842
[]|\OT1/cmr/m/n/12 Conceptual
 []


Underfull \hbox (badness 10000) in paragraph at lines 843--843
[]|\OT1/cmr/m/n/12 Diagrams of
 []


Underfull \hbox (badness 10000) in paragraph at lines 845--845
[]|\OT1/cmr/m/n/12 Academic Re-
 []


Underfull \hbox (badness 6094) in paragraph at lines 846--846
[]|\OT1/cmr/m/n/12 Investigate in reg-u-la-tion and
 []


Underfull \hbox (badness 3189) in paragraph at lines 848--848
[]|\OT1/cmr/m/n/12 Concept Pro-to-
 []


Underfull \hbox (badness 1442) in paragraph at lines 848--848
\OT1/cmr/m/n/12 and stake-hold-ers and test the
 []


Underfull \hbox (badness 10000) in paragraph at lines 849--849
[]|\OT1/cmr/m/n/12 Hardware Re-
 []


Underfull \hbox (badness 10000) in paragraph at lines 850--850
[]|\OT1/cmr/m/n/12 Software Re-
 []


Underfull \hbox (badness 3128) in paragraph at lines 850--850
[]|\OT1/cmr/m/n/12 Research on pos-si-ble soft-ware
 []


Underfull \hbox (badness 1418) in paragraph at lines 851--851
[]|\OT1/cmr/m/n/12 Functional Pro-
 []


Underfull \hbox (badness 3713) in paragraph at lines 853--853
[]|\OT1/cmr/m/n/12 Submit Project
 []


Underfull \hbox (badness 10000) in paragraph at lines 854--854
[]|\OT1/cmr/m/n/12 Milestone:
 []


Underfull \hbox (badness 10000) in paragraph at lines 854--854
\OT1/cmr/m/n/12 Project Pro-
 []


Underfull \hbox (badness 3503) in paragraph at lines 856--856
[]|\OT1/cmr/m/n/12 Define nec-es-sary fea-tures and
 []


Overfull \hbox (65.12137pt too wide) in alignment at lines 834--856
 [] [] [] [] [] 
 []


Underfull \vbox (badness 10000) detected at line 856
 []


Underfull \hbox (badness 6559) in paragraph at lines 857--857
[]|\OT1/cmr/m/n/12 Confirm the spec-i-fi-ca-tions of
 []


Underfull \hbox (badness 10000) in paragraph at lines 859--859
[]|\OT1/cmr/m/n/12 Design Server
 []


Underfull \hbox (badness 8151) in paragraph at lines 860--860
[]|\OT1/cmr/m/n/12 Develop Server
 []


Underfull \hbox (badness 5756) in paragraph at lines 862--862
[]|\OT1/cmr/m/n/12 Develop the min-i-mum vi-able
 []


Underfull \hbox (badness 3679) in paragraph at lines 865--865
[]|\OT1/cmr/m/n/12 Application go lives with all
 []


Underfull \hbox (badness 10000) in paragraph at lines 866--866
[]|\OT1/cmr/m/n/12 Milestone:
 []


Underfull \hbox (badness 10000) in paragraph at lines 868--868
[]|\OT1/cmr/m/n/12 Project Sta-tus
 []


Underfull \hbox (badness 2717) in paragraph at lines 870--870
[]|\OT1/cmr/m/n/12 Update Project
 []


Underfull \hbox (badness 10000) in paragraph at lines 870--870
\OT1/cmr/m/n/12 Man-age-ment
 []


Underfull \hbox (badness 6300) in paragraph at lines 870--870
\OT1/cmr/m/n/12 up-date the progress track-ing
 []


Underfull \hbox (badness 10000) in paragraph at lines 875--875
[]|\OT1/cmr/m/n/12 Develop Fi-nal
 []


Underfull \hbox (badness 10000) in paragraph at lines 876--876
[]|\OT1/cmr/m/n/12 Submit Fi-nal
 []


Overfull \hbox (65.12137pt too wide) in alignment at lines 856--876
 [] [] [] [] [] 
 []

[48]
Underfull \hbox (badness 10000) in paragraph at lines 877--877
[]|\OT1/cmr/m/n/12 Milestone:
 []


Underfull \hbox (badness 10000) in paragraph at lines 877--877
\OT1/cmr/m/n/12 Project Fi-nal
 []


Overfull \hbox (65.12137pt too wide) in alignment at lines 876--880
 [] [] [] [] [] 
 []

[49] [50] [51] [52] [53]
<../assets/12-9-3-progress-tracking-form-1.jpg, id=209, 2116.90875pt x 3075.49p
t>
File: ../assets/12-9-3-progress-tracking-form-1.jpg Graphic file (type jpg)
 <use ../assets/12-9-3-progress-tracking-form-1.jpg>
Package pdftex.def Info: ../assets/12-9-3-progress-tracking-form-1.jpg used on 
input line 1021.
(pdftex.def)             Requested size: 350.99762pt x 509.92116pt.

<../assets/12-9-3-progress-tracking-form-2.jpg, id=210, 2150.0325pt x 1047.915p
t>
File: ../assets/12-9-3-progress-tracking-form-2.jpg Graphic file (type jpg)
 <use ../assets/12-9-3-progress-tracking-form-2.jpg>
Package pdftex.def Info: ../assets/12-9-3-progress-tracking-form-2.jpg used on 
input line 1027.
(pdftex.def)             Requested size: 350.99762pt x 171.07567pt.
 [54] [55 <../assets/12-9-3-progress-tracking-form-1.jpg>]
<../assets/12-9-4-progress-tracking-chart-cumulate.jpg, id=218, 1936.23375pt x 
835.12pt>
File: ../assets/12-9-4-progress-tracking-chart-cumulate.jpg Graphic file (type 
jpg)
 <use ../assets/12-9-4-progress-tracking-chart-cumulate.jpg>
Package pdftex.def Info: ../assets/12-9-4-progress-tracking-chart-cumulate.jpg 
used on input line 1052.
(pdftex.def)             Requested size: 390.0pt x 168.20612pt.

<../assets/12-9-4-progress-tracking-chart-sum.jpg, id=219, 1634.105pt x 756.827
5pt>
File: ../assets/12-9-4-progress-tracking-chart-sum.jpg Graphic file (type jpg)
 <use ../assets/12-9-4-progress-tracking-chart-sum.jpg>
Package pdftex.def Info: ../assets/12-9-4-progress-tracking-chart-sum.jpg used 
on input line 1059.
(pdftex.def)             Requested size: 390.0pt x 180.62607pt.
 [56 <../assets/12-9-3-progress-tracking-form-2.jpg> <../assets/12-9-4-progress
-tracking-chart-cumulate.jpg>] (/usr/local/texlive/2017/texmf-dist/tex/latex/li
stings/lstlang1.sty
File: lstlang1.sty 2015/06/04 1.6 listings language file
) [57 <../assets/12-9-4-progress-tracking-chart-sum.jpg>] [58] [59]
Overfull \hbox (5.2002pt too wide) in paragraph at lines 1169--1169
[]          \OT1/cmtt/m/n/12 Condense the project concept and add two new diagr
ams.[] 
 []

[60] [61] (./proposal.aux) ) 
Here is how much of TeX's memory you used:
 5793 strings out of 492995
 102476 string characters out of 6132704
 205234 words of memory out of 5000000
 9240 multiletter control sequences out of 15000+600000
 9919 words of font info for 35 fonts, out of 8000000 for 9000
 1141 hyphenation exceptions out of 8191
 44i,15n,49p,1188b,408s stack positions out of 5000i,500n,10000p,200000b,80000s
</usr/local/texlive/2017/texmf-dist/fonts/type1/pub
lic/amsfonts/cm/cmbx12.pfb></usr/local/texlive/2017/texmf-dist/fonts/type1/publ
ic/amsfonts/cm/cmcsc10.pfb></usr/local/texlive/2017/texmf-dist/fonts/type1/publ
ic/amsfonts/cm/cmr10.pfb></usr/local/texlive/2017/texmf-dist/fonts/type1/public
/amsfonts/cm/cmr12.pfb></usr/local/texlive/2017/texmf-dist/fonts/type1/public/a
msfonts/cm/cmsy10.pfb></usr/local/texlive/2017/texmf-dist/fonts/type1/public/am
sfonts/cm/cmti12.pfb></usr/local/texlive/2017/texmf-dist/fonts/type1/public/ams
fonts/cm/cmtt12.pfb>
Output written on proposal.pdf (62 pages, 5515929 bytes).
PDF statistics:
 266 PDF objects out of 1000 (max. 8388607)
 160 compressed objects within 2 object streams
 0 named destinations out of 1000 (max. 500000)
 166 words of extra memory for PDF output out of 10000 (max. 10000000)

